d:\workdir\faceidsystem\v1\ciis\ciis\x64\debug\vc143.pdb
d:\workdir\faceidsystem\v1\ciis\ciis\x64\debug\vc143.idb
d:\workdir\faceidsystem\v1\ciis\ciis\x64\debug\trainingdialog.obj
d:\workdir\faceidsystem\v1\ciis\ciis\x64\debug\trainer.obj
d:\workdir\faceidsystem\v1\ciis\ciis\x64\debug\recognizer.obj
d:\workdir\faceidsystem\v1\ciis\ciis\x64\debug\postgresdatabase.obj
d:\workdir\faceidsystem\v1\ciis\ciis\x64\debug\mattobitmap.obj
d:\workdir\faceidsystem\v1\ciis\ciis\x64\debug\fishertrainator.obj
d:\workdir\faceidsystem\v1\ciis\ciis\x64\debug\eigentrainator.obj
d:\workdir\faceidsystem\v1\ciis\ciis\x64\debug\ciisframe.obj
d:\workdir\faceidsystem\v1\ciis\ciis\x64\debug\ciisapp.obj
d:\workdir\faceidsystem\v1\ciis\ciis\x64\debug\bitmappanel.obj
d:\workdir\faceidsystem\v1\ciis\ciis\x64\debug\deviceenumerator.obj
d:\workdir\faceidsystem\v1\ciis\x64\debug\ciis.exe
d:\workdir\faceidsystem\v1\ciis\ciis\x64\debug\ciis.ilk
d:\workdir\faceidsystem\v1\ciis\x64\debug\ciis.pdb
d:\workdir\faceidsystem\v1\ciis\ciis\x64\debug\ciis.exe.embed.manifest.res
d:\workdir\faceidsystem\v1\ciis\ciis\x64\debug\ciis.exe.embed.manifest
d:\workdir\faceidsystem\v1\ciis\ciis\x64\debug\ciis_manifest.rc
d:\workdir\faceidsystem\v1\ciis\ciis\x64\debug\ciis.tlog\cl.command.1.tlog
d:\workdir\faceidsystem\v1\ciis\ciis\x64\debug\ciis.tlog\cl.read.1.tlog
d:\workdir\faceidsystem\v1\ciis\ciis\x64\debug\ciis.tlog\cl.write.1.tlog
d:\workdir\faceidsystem\v1\ciis\ciis\x64\debug\ciis.tlog\link.command.1.tlog
d:\workdir\faceidsystem\v1\ciis\ciis\x64\debug\ciis.tlog\link.read.1.tlog
d:\workdir\faceidsystem\v1\ciis\ciis\x64\debug\ciis.tlog\link.write.1.tlog
d:\workdir\faceidsystem\v1\ciis\ciis\x64\debug\ciis.tlog\rc.command.1.tlog
d:\workdir\faceidsystem\v1\ciis\ciis\x64\debug\ciis.tlog\rc.read.1.tlog
d:\workdir\faceidsystem\v1\ciis\ciis\x64\debug\ciis.tlog\rc.write.1.tlog
