  Scanning sources for module dependencies...
  CIISFrame.cpp
C:\Program Files\Microsoft Visual Studio\2022\Community\VC\Tools\MSVC\14.35.32215\include\xutility(261,49): error C2665: 'Customer::Builder::Builder': no overloaded function could convert all the argument types
D:\workdir\FaceIdSystem\V1\CIIS\CIIS\Customer.h(90,2): message : could be 'Customer::Builder::Builder(Customer::Builder &&)'
C:\Program Files\Microsoft Visual Studio\2022\Community\VC\Tools\MSVC\14.35.32215\include\xutility(261,49): message : 'Customer::Builder::Builder(Customer::Builder &&)': cannot convert argument 1 from '_Ty' to 'Customer::Builder &&'
          with
          [
              _Ty=Customer::Builder *
          ]
C:\Program Files\Microsoft Visual Studio\2022\Community\VC\Tools\MSVC\14.35.32215\include\xutility(261,71): message : Reason: cannot convert from '_Ty' to 'Customer::Builder'
          with
          [
              _Ty=Customer::Builder *
          ]
C:\Program Files\Microsoft Visual Studio\2022\Community\VC\Tools\MSVC\14.35.32215\include\xutility(261,71): message : No constructor could take the source type, or constructor overload resolution was ambiguous
D:\workdir\FaceIdSystem\V1\CIIS\CIIS\Customer.h(90,2): message : or       'Customer::Builder::Builder(const Customer::Builder &)'
C:\Program Files\Microsoft Visual Studio\2022\Community\VC\Tools\MSVC\14.35.32215\include\xutility(261,49): message : 'Customer::Builder::Builder(const Customer::Builder &)': cannot convert argument 1 from '_Ty' to 'const Customer::Builder &'
          with
          [
              _Ty=Customer::Builder *
          ]
C:\Program Files\Microsoft Visual Studio\2022\Community\VC\Tools\MSVC\14.35.32215\include\xutility(261,71): message : Reason: cannot convert from '_Ty' to 'const Customer::Builder'
          with
          [
              _Ty=Customer::Builder *
          ]
C:\Program Files\Microsoft Visual Studio\2022\Community\VC\Tools\MSVC\14.35.32215\include\xutility(261,71): message : No constructor could take the source type, or constructor overload resolution was ambiguous
C:\Program Files\Microsoft Visual Studio\2022\Community\VC\Tools\MSVC\14.35.32215\include\xutility(261,49): message : while trying to match the argument list '(_Ty)'
          with
          [
              _Ty=Customer::Builder *
          ]
C:\Program Files\Microsoft Visual Studio\2022\Community\VC\Tools\MSVC\14.35.32215\include\xutility(260,16): message : see reference to function template instantiation '_Ty *std::construct_at<_Ty,Customer::Builder*,0x0>(_Ty *const ,Customer::Builder *&&) noexcept(<expr>)' being compiled
          with
          [
              _Ty=Customer::Builder
          ]
C:\Program Files\Microsoft Visual Studio\2022\Community\VC\Tools\MSVC\14.35.32215\include\memory(1983): message : see reference to function template instantiation 'void std::_Construct_in_place<_Ty,Customer::Builder*>(_Ty &,Customer::Builder *&&) noexcept(false)' being compiled
          with
          [
              _Ty=Customer::Builder
          ]
C:\Program Files\Microsoft Visual Studio\2022\Community\VC\Tools\MSVC\14.35.32215\include\memory(2663): message : see reference to function template instantiation 'std::_Ref_count_obj2<Customer::Builder>::_Ref_count_obj2<_Ty>(_Ty &&)' being compiled
          with
          [
              _Ty=Customer::Builder *
          ]
C:\Program Files\Microsoft Visual Studio\2022\Community\VC\Tools\MSVC\14.35.32215\include\memory(2664,20): message : see reference to function template instantiation 'std::_Ref_count_obj2<Customer::Builder>::_Ref_count_obj2<_Ty>(_Ty &&)' being compiled
          with
          [
              _Ty=Customer::Builder *
          ]
D:\workdir\FaceIdSystem\V1\CIIS\CIIS\Customer.h(61): message : see reference to function template instantiation 'std::shared_ptr<Customer::Builder> std::make_shared<Customer::Builder,Customer::Builder*>(Customer::Builder *&&)' being compiled
C:\Program Files\Microsoft Visual Studio\2022\Community\VC\Tools\MSVC\14.35.32215\include\xutility(275,56): error C2665: 'Customer::Builder::Builder': no overloaded function could convert all the argument types
D:\workdir\FaceIdSystem\V1\CIIS\CIIS\Customer.h(90,2): message : could be 'Customer::Builder::Builder(Customer::Builder &&)'
C:\Program Files\Microsoft Visual Studio\2022\Community\VC\Tools\MSVC\14.35.32215\include\xutility(275,56): message : 'Customer::Builder::Builder(Customer::Builder &&)': cannot convert argument 1 from '_Ty' to 'Customer::Builder &&'
          with
          [
              _Ty=Customer::Builder *
          ]
C:\Program Files\Microsoft Visual Studio\2022\Community\VC\Tools\MSVC\14.35.32215\include\xutility(275,77): message : Reason: cannot convert from '_Ty' to 'Customer::Builder'
          with
          [
              _Ty=Customer::Builder *
          ]
C:\Program Files\Microsoft Visual Studio\2022\Community\VC\Tools\MSVC\14.35.32215\include\xutility(275,77): message : No constructor could take the source type, or constructor overload resolution was ambiguous
D:\workdir\FaceIdSystem\V1\CIIS\CIIS\Customer.h(90,2): message : or       'Customer::Builder::Builder(const Customer::Builder &)'
C:\Program Files\Microsoft Visual Studio\2022\Community\VC\Tools\MSVC\14.35.32215\include\xutility(275,56): message : 'Customer::Builder::Builder(const Customer::Builder &)': cannot convert argument 1 from '_Ty' to 'const Customer::Builder &'
          with
          [
              _Ty=Customer::Builder *
          ]
C:\Program Files\Microsoft Visual Studio\2022\Community\VC\Tools\MSVC\14.35.32215\include\xutility(275,77): message : Reason: cannot convert from '_Ty' to 'const Customer::Builder'
          with
          [
              _Ty=Customer::Builder *
          ]
C:\Program Files\Microsoft Visual Studio\2022\Community\VC\Tools\MSVC\14.35.32215\include\xutility(275,77): message : No constructor could take the source type, or constructor overload resolution was ambiguous
C:\Program Files\Microsoft Visual Studio\2022\Community\VC\Tools\MSVC\14.35.32215\include\xutility(275,56): message : while trying to match the argument list '(_Ty)'
          with
          [
              _Ty=Customer::Builder *
          ]
C:\Program Files\Microsoft Visual Studio\2022\Community\VC\Tools\MSVC\14.35.32215\include\xutility(261,49): error C2665: 'Customer::Customer': no overloaded function could convert all the argument types
D:\workdir\FaceIdSystem\V1\CIIS\CIIS\Customer.h(136,1): message : could be 'Customer::Customer(Customer &&)'
C:\Program Files\Microsoft Visual Studio\2022\Community\VC\Tools\MSVC\14.35.32215\include\xutility(261,49): message : 'Customer::Customer(Customer &&)': cannot convert argument 1 from '_Ty' to 'Customer &&'
          with
          [
              _Ty=Customer::Builder *
          ]
C:\Program Files\Microsoft Visual Studio\2022\Community\VC\Tools\MSVC\14.35.32215\include\xutility(261,71): message : Reason: cannot convert from '_Ty' to 'Customer'
          with
          [
              _Ty=Customer::Builder *
          ]
C:\Program Files\Microsoft Visual Studio\2022\Community\VC\Tools\MSVC\14.35.32215\include\xutility(261,71): message : No constructor could take the source type, or constructor overload resolution was ambiguous
D:\workdir\FaceIdSystem\V1\CIIS\CIIS\Customer.h(136,1): message : or       'Customer::Customer(const Customer &)'
C:\Program Files\Microsoft Visual Studio\2022\Community\VC\Tools\MSVC\14.35.32215\include\xutility(261,49): message : 'Customer::Customer(const Customer &)': cannot convert argument 1 from '_Ty' to 'const Customer &'
          with
          [
              _Ty=Customer::Builder *
          ]
C:\Program Files\Microsoft Visual Studio\2022\Community\VC\Tools\MSVC\14.35.32215\include\xutility(261,71): message : Reason: cannot convert from '_Ty' to 'const Customer'
          with
          [
              _Ty=Customer::Builder *
          ]
C:\Program Files\Microsoft Visual Studio\2022\Community\VC\Tools\MSVC\14.35.32215\include\xutility(261,71): message : No constructor could take the source type, or constructor overload resolution was ambiguous
D:\workdir\FaceIdSystem\V1\CIIS\CIIS\Customer.h(93,2): message : or       'Customer::Customer(std::shared_ptr<Customer::Builder>)'
C:\Program Files\Microsoft Visual Studio\2022\Community\VC\Tools\MSVC\14.35.32215\include\xutility(261,49): message : 'Customer::Customer(std::shared_ptr<Customer::Builder>)': cannot convert argument 1 from '_Ty' to 'std::shared_ptr<Customer::Builder>'
          with
          [
              _Ty=Customer::Builder *
          ]
C:\Program Files\Microsoft Visual Studio\2022\Community\VC\Tools\MSVC\14.35.32215\include\xutility(261,71): message : Constructor for class 'std::shared_ptr<Customer::Builder>' is declared 'explicit'
C:\Program Files\Microsoft Visual Studio\2022\Community\VC\Tools\MSVC\14.35.32215\include\xutility(261,49): message : while trying to match the argument list '(_Ty)'
          with
          [
              _Ty=Customer::Builder *
          ]
C:\Program Files\Microsoft Visual Studio\2022\Community\VC\Tools\MSVC\14.35.32215\include\xutility(260,16): message : see reference to function template instantiation '_Ty *std::construct_at<_Ty,Customer::Builder*,0x0>(_Ty *const ,Customer::Builder *&&) noexcept(<expr>)' being compiled
          with
          [
              _Ty=Customer
          ]
C:\Program Files\Microsoft Visual Studio\2022\Community\VC\Tools\MSVC\14.35.32215\include\memory(1983): message : see reference to function template instantiation 'void std::_Construct_in_place<_Ty,Customer::Builder*>(_Ty &,Customer::Builder *&&) noexcept(false)' being compiled
          with
          [
              _Ty=Customer
          ]
C:\Program Files\Microsoft Visual Studio\2022\Community\VC\Tools\MSVC\14.35.32215\include\memory(2663): message : see reference to function template instantiation 'std::_Ref_count_obj2<Customer>::_Ref_count_obj2<_Ty>(_Ty &&)' being compiled
          with
          [
              _Ty=Customer::Builder *
          ]
C:\Program Files\Microsoft Visual Studio\2022\Community\VC\Tools\MSVC\14.35.32215\include\memory(2664,20): message : see reference to function template instantiation 'std::_Ref_count_obj2<Customer>::_Ref_count_obj2<_Ty>(_Ty &&)' being compiled
          with
          [
              _Ty=Customer::Builder *
          ]
D:\workdir\FaceIdSystem\V1\CIIS\CIIS\Customer.h(88): message : see reference to function template instantiation 'std::shared_ptr<Customer> std::make_shared<Customer,Customer::Builder*>(Customer::Builder *&&)' being compiled
C:\Program Files\Microsoft Visual Studio\2022\Community\VC\Tools\MSVC\14.35.32215\include\xutility(275,56): error C2665: 'Customer::Customer': no overloaded function could convert all the argument types
D:\workdir\FaceIdSystem\V1\CIIS\CIIS\Customer.h(136,1): message : could be 'Customer::Customer(Customer &&)'
C:\Program Files\Microsoft Visual Studio\2022\Community\VC\Tools\MSVC\14.35.32215\include\xutility(275,56): message : 'Customer::Customer(Customer &&)': cannot convert argument 1 from '_Ty' to 'Customer &&'
          with
          [
              _Ty=Customer::Builder *
          ]
C:\Program Files\Microsoft Visual Studio\2022\Community\VC\Tools\MSVC\14.35.32215\include\xutility(275,77): message : Reason: cannot convert from '_Ty' to 'Customer'
          with
          [
              _Ty=Customer::Builder *
          ]
C:\Program Files\Microsoft Visual Studio\2022\Community\VC\Tools\MSVC\14.35.32215\include\xutility(275,77): message : No constructor could take the source type, or constructor overload resolution was ambiguous
D:\workdir\FaceIdSystem\V1\CIIS\CIIS\Customer.h(136,1): message : or       'Customer::Customer(const Customer &)'
C:\Program Files\Microsoft Visual Studio\2022\Community\VC\Tools\MSVC\14.35.32215\include\xutility(275,56): message : 'Customer::Customer(const Customer &)': cannot convert argument 1 from '_Ty' to 'const Customer &'
          with
          [
              _Ty=Customer::Builder *
          ]
C:\Program Files\Microsoft Visual Studio\2022\Community\VC\Tools\MSVC\14.35.32215\include\xutility(275,77): message : Reason: cannot convert from '_Ty' to 'const Customer'
          with
          [
              _Ty=Customer::Builder *
          ]
C:\Program Files\Microsoft Visual Studio\2022\Community\VC\Tools\MSVC\14.35.32215\include\xutility(275,77): message : No constructor could take the source type, or constructor overload resolution was ambiguous
D:\workdir\FaceIdSystem\V1\CIIS\CIIS\Customer.h(93,2): message : or       'Customer::Customer(std::shared_ptr<Customer::Builder>)'
C:\Program Files\Microsoft Visual Studio\2022\Community\VC\Tools\MSVC\14.35.32215\include\xutility(275,56): message : 'Customer::Customer(std::shared_ptr<Customer::Builder>)': cannot convert argument 1 from '_Ty' to 'std::shared_ptr<Customer::Builder>'
          with
          [
              _Ty=Customer::Builder *
          ]
C:\Program Files\Microsoft Visual Studio\2022\Community\VC\Tools\MSVC\14.35.32215\include\xutility(275,77): message : Constructor for class 'std::shared_ptr<Customer::Builder>' is declared 'explicit'
C:\Program Files\Microsoft Visual Studio\2022\Community\VC\Tools\MSVC\14.35.32215\include\xutility(275,56): message : while trying to match the argument list '(_Ty)'
          with
          [
              _Ty=Customer::Builder *
          ]
  Trainer.cpp
D:\workdir\FaceIdSystem\V1\CIIS\CIIS\Trainer.cpp(123,59): error C2248: 'Customer::m_customerIdentificationNumber': cannot access private member declared in class 'Customer'
D:\workdir\FaceIdSystem\V1\CIIS\CIIS\Customer.h(9,14): message : see declaration of 'Customer::m_customerIdentificationNumber'
D:\workdir\FaceIdSystem\V1\CIIS\CIIS\Customer.h(6,7): message : see declaration of 'Customer'
D:\workdir\FaceIdSystem\V1\CIIS\CIIS\Trainer.cpp(136,32): error C2248: 'Customer::m_name': cannot access private member declared in class 'Customer'
D:\workdir\FaceIdSystem\V1\CIIS\CIIS\Customer.h(10,14): message : see declaration of 'Customer::m_name'
D:\workdir\FaceIdSystem\V1\CIIS\CIIS\Customer.h(6,7): message : see declaration of 'Customer'
D:\workdir\FaceIdSystem\V1\CIIS\CIIS\Trainer.cpp(136,61): error C2248: 'Customer::m_customerIdentificationNumber': cannot access private member declared in class 'Customer'
D:\workdir\FaceIdSystem\V1\CIIS\CIIS\Customer.h(9,14): message : see declaration of 'Customer::m_customerIdentificationNumber'
D:\workdir\FaceIdSystem\V1\CIIS\CIIS\Customer.h(6,7): message : see declaration of 'Customer'
D:\workdir\FaceIdSystem\V1\CIIS\CIIS\Trainer.cpp(136,106): error C2248: 'Customer::m_name': cannot access private member declared in class 'Customer'
D:\workdir\FaceIdSystem\V1\CIIS\CIIS\Customer.h(10,14): message : see declaration of 'Customer::m_name'
D:\workdir\FaceIdSystem\V1\CIIS\CIIS\Customer.h(6,7): message : see declaration of 'Customer'
D:\workdir\FaceIdSystem\V1\CIIS\CIIS\Trainer.cpp(208,16): error C2248: 'Customer::m_customerIdentificationNumber': cannot access private member declared in class 'Customer'
D:\workdir\FaceIdSystem\V1\CIIS\CIIS\Customer.h(9,14): message : see declaration of 'Customer::m_customerIdentificationNumber'
D:\workdir\FaceIdSystem\V1\CIIS\CIIS\Customer.h(6,7): message : see declaration of 'Customer'
D:\workdir\FaceIdSystem\V1\CIIS\CIIS\Trainer.cpp(223,13): error C2248: 'Customer::m_customerIdentificationNumber': cannot access private member declared in class 'Customer'
D:\workdir\FaceIdSystem\V1\CIIS\CIIS\Customer.h(9,14): message : see declaration of 'Customer::m_customerIdentificationNumber'
D:\workdir\FaceIdSystem\V1\CIIS\CIIS\Customer.h(6,7): message : see declaration of 'Customer'
D:\workdir\FaceIdSystem\V1\CIIS\CIIS\Trainer.cpp(229,38): error C2248: 'Customer::m_customerIdentificationNumber': cannot access private member declared in class 'Customer'
D:\workdir\FaceIdSystem\V1\CIIS\CIIS\Customer.h(9,14): message : see declaration of 'Customer::m_customerIdentificationNumber'
D:\workdir\FaceIdSystem\V1\CIIS\CIIS\Customer.h(6,7): message : see declaration of 'Customer'
  TrainingDialog.cpp
D:\workdir\FaceIdSystem\V1\CIIS\CIIS\TrainingDialog.cpp(64,52): error C2248: 'Customer::m_customerIdentificationNumber': cannot access private member declared in class 'Customer'
D:\workdir\FaceIdSystem\V1\CIIS\CIIS\Customer.h(9,14): message : see declaration of 'Customer::m_customerIdentificationNumber'
D:\workdir\FaceIdSystem\V1\CIIS\CIIS\Customer.h(6,7): message : see declaration of 'Customer'
D:\workdir\FaceIdSystem\V1\CIIS\CIIS\TrainingDialog.cpp(65,77): error C2248: 'Customer::m_customerIdentificationNumber': cannot access private member declared in class 'Customer'
D:\workdir\FaceIdSystem\V1\CIIS\CIIS\Customer.h(9,14): message : see declaration of 'Customer::m_customerIdentificationNumber'
D:\workdir\FaceIdSystem\V1\CIIS\CIIS\Customer.h(6,7): message : see declaration of 'Customer'
  Generating Code...
